# JRE version: OpenJDK Runtime Environment (17.0.9) (build 17.0.9+0--11185874)
# Java VM: OpenJDK 64-Bit Server VM (17.0.9+0--11185874, mixed mode, tiered, compressed oops, compressed class ptrs, g1 gc, windows-amd64)
GC Precious Log:
 CPUs: 8 total, 8 available
 Memory: 24326M
 Large Page Support: Disabled
 NUMA Support: Disabled
 Compressed Oops: Enabled (32-bit)
 Heap Region Size: 1M
 Heap Min Capacity: 8M
 Heap Initial Capacity: 382M
 Heap Max Capacity: 2G
 Pre-touch: Disabled
 Parallel Workers: 8
 Concurrent Workers: 2
 Concurrent Refinement Workers: 8
 Periodic GC: Disabled
Heap:
 garbage-first heap   total 266240K, used 137526K [0x0000000080000000, 0x0000000100000000)
  region size 1024K, 54 young (55296K), 10 survivors (10240K)
 Metaspace       used 122928K, committed 123712K, reserved 1179648K
  class space    used 17144K, committed 17536K, reserved 1048576K
GC Heap History (20 events):
Event: 8.896 GC heap before
{Heap before GC invocations=22 (full 0):
 garbage-first heap   total 133120K, used 108296K [0x0000000080000000, 0x0000000100000000)
  region size 1024K, 49 young (50176K), 5 survivors (5120K)
 Metaspace       used 82951K, committed 83584K, reserved 1179648K
  class space    used 11414K, committed 11712K, reserved 1048576K
}
Event: 8.901 GC heap after
{Heap after GC invocations=23 (full 0):
 garbage-first heap   total 133120K, used 64850K [0x0000000080000000, 0x0000000100000000)
  region size 1024K, 4 young (4096K), 4 survivors (4096K)
 Metaspace       used 82951K, committed 83584K, reserved 1179648K
  class space    used 11414K, committed 11712K, reserved 1048576K
}
Event: 9.566 GC heap before
{Heap before GC invocations=24 (full 0):
 garbage-first heap   total 133120K, used 109906K [0x0000000080000000, 0x0000000100000000)
  region size 1024K, 48 young (49152K), 4 survivors (4096K)
 Metaspace       used 86513K, committed 87168K, reserved 1179648K
  class space    used 11960K, committed 12288K, reserved 1048576K
}
Event: 9.571 GC heap after
{Heap after GC invocations=25 (full 0):
 garbage-first heap   total 133120K, used 67221K [0x0000000080000000, 0x0000000100000000)
  region size 1024K, 6 young (6144K), 6 survivors (6144K)
 Metaspace       used 86513K, committed 87168K, reserved 1179648K
  class space    used 11960K, committed 12288K, reserved 1048576K
}
Event: 9.584 GC heap before
{Heap before GC invocations=25 (full 0):
 garbage-first heap   total 133120K, used 68245K [0x0000000080000000, 0x0000000100000000)
  region size 1024K, 7 young (7168K), 6 survivors (6144K)
 Metaspace       used 86579K, committed 87232K, reserved 1179648K
  class space    used 11972K, committed 12288K, reserved 1048576K
}
Event: 9.589 GC heap after
{Heap after GC invocations=26 (full 0):
 garbage-first heap   total 133120K, used 67916K [0x0000000080000000, 0x0000000100000000)
  region size 1024K, 1 young (1024K), 1 survivors (1024K)
 Metaspace       used 86579K, committed 87232K, reserved 1179648K
  class space    used 11972K, committed 12288K, reserved 1048576K
}
Event: 10.146 GC heap before
{Heap before GC invocations=26 (full 0):
 garbage-first heap   total 133120K, used 111948K [0x0000000080000000, 0x0000000100000000)
  region size 1024K, 44 young (45056K), 1 survivors (1024K)
 Metaspace       used 90641K, committed 91392K, reserved 1179648K
  class space    used 12577K, committed 12928K, reserved 1048576K
}
Event: 10.148 GC heap after
{Heap after GC invocations=27 (full 0):
 garbage-first heap   total 133120K, used 68949K [0x0000000080000000, 0x0000000100000000)
  region size 1024K, 2 young (2048K), 2 survivors (2048K)
 Metaspace       used 90641K, committed 91392K, reserved 1179648K
  class space    used 12577K, committed 12928K, reserved 1048576K
}
Event: 10.648 GC heap before
{Heap before GC invocations=28 (full 0):
 garbage-first heap   total 133120K, used 110933K [0x0000000080000000, 0x0000000100000000)
  region size 1024K, 44 young (45056K), 2 survivors (2048K)
 Metaspace       used 93282K, committed 94016K, reserved 1179648K
  class space    used 12900K, committed 13248K, reserved 1048576K
}
Event: 10.655 GC heap after
{Heap after GC invocations=29 (full 0):
 garbage-first heap   total 133120K, used 74220K [0x0000000080000000, 0x0000000100000000)
  region size 1024K, 6 young (6144K), 6 survivors (6144K)
 Metaspace       used 93282K, committed 94016K, reserved 1179648K
  class space    used 12900K, committed 13248K, reserved 1048576K
}
Event: 10.682 GC heap before
{Heap before GC invocations=29 (full 0):
 garbage-first heap   total 133120K, used 74220K [0x0000000080000000, 0x0000000100000000)
  region size 1024K, 7 young (7168K), 6 survivors (6144K)
 Metaspace       used 93359K, committed 94080K, reserved 1179648K
  class space    used 12906K, committed 13248K, reserved 1048576K
}
Event: 10.688 GC heap after
{Heap after GC invocations=30 (full 0):
 garbage-first heap   total 133120K, used 74287K [0x0000000080000000, 0x0000000100000000)
  region size 1024K, 1 young (1024K), 1 survivors (1024K)
 Metaspace       used 93359K, committed 94080K, reserved 1179648K
  class space    used 12906K, committed 13248K, reserved 1048576K
}
Event: 10.733 GC heap before
{Heap before GC invocations=30 (full 0):
 garbage-first heap   total 133120K, used 77359K [0x0000000080000000, 0x0000000100000000)
  region size 1024K, 5 young (5120K), 1 survivors (1024K)
 Metaspace       used 93665K, committed 94400K, reserved 1179648K
  class space    used 12934K, committed 13248K, reserved 1048576K
}
Event: 10.736 GC heap after
{Heap after GC invocations=31 (full 0):
 garbage-first heap   total 266240K, used 74311K [0x0000000080000000, 0x0000000100000000)
  region size 1024K, 1 young (1024K), 1 survivors (1024K)
 Metaspace       used 93665K, committed 94400K, reserved 1179648K
  class space    used 12934K, committed 13248K, reserved 1048576K
}
Event: 12.387 GC heap before
{Heap before GC invocations=31 (full 0):
 garbage-first heap   total 266240K, used 215623K [0x0000000080000000, 0x0000000100000000)
  region size 1024K, 135 young (138240K), 1 survivors (1024K)
 Metaspace       used 98014K, committed 98752K, reserved 1179648K
  class space    used 13505K, committed 13824K, reserved 1048576K
}
Event: 12.398 GC heap after
{Heap after GC invocations=32 (full 0):
 garbage-first heap   total 266240K, used 84471K [0x0000000080000000, 0x0000000100000000)
  region size 1024K, 11 young (11264K), 11 survivors (11264K)
 Metaspace       used 98014K, committed 98752K, reserved 1179648K
  class space    used 13505K, committed 13824K, reserved 1048576K
}
Event: 14.293 GC heap before
{Heap before GC invocations=32 (full 0):
 garbage-first heap   total 266240K, used 206327K [0x0000000080000000, 0x0000000100000000)
  region size 1024K, 129 young (132096K), 11 survivors (11264K)
 Metaspace       used 107492K, committed 108288K, reserved 1179648K
  class space    used 14724K, committed 15104K, reserved 1048576K
}
Event: 14.304 GC heap after
{Heap after GC invocations=33 (full 0):
 garbage-first heap   total 266240K, used 92171K [0x0000000080000000, 0x0000000100000000)
  region size 1024K, 6 young (6144K), 6 survivors (6144K)
 Metaspace       used 107492K, committed 108288K, reserved 1179648K
  class space    used 14724K, committed 15104K, reserved 1048576K
}
Event: 15.733 GC heap before
{Heap before GC invocations=33 (full 0):
 garbage-first heap   total 266240K, used 209931K [0x0000000080000000, 0x0000000100000000)
  region size 1024K, 122 young (124928K), 6 survivors (6144K)
 Metaspace       used 118703K, committed 119488K, reserved 1179648K
  class space    used 16433K, committed 16832K, reserved 1048576K
}
Event: 15.741 GC heap after
{Heap after GC invocations=34 (full 0):
 garbage-first heap   total 266240K, used 93494K [0x0000000080000000, 0x0000000100000000)
  region size 1024K, 10 young (10240K), 10 survivors (10240K)
 Metaspace       used 118703K, committed 119488K, reserved 1179648K
  class space    used 16433K, committed 16832K, reserved 1048576K
}

